{"/home/michael/projects/jobly/express-jobly/app.js": {"path":"/home/michael/projects/jobly/express-jobly/app.js","statementMap":{"0":{"start":{"line":5,"column":16},"end":{"line":5,"column":34}},"1":{"start":{"line":6,"column":13},"end":{"line":6,"column":28}},"2":{"start":{"line":8,"column":26},"end":{"line":8,"column":51}},"3":{"start":{"line":10,"column":28},"end":{"line":10,"column":56}},"4":{"start":{"line":11,"column":19},"end":{"line":11,"column":43}},"5":{"start":{"line":12,"column":24},"end":{"line":12,"column":53}},"6":{"start":{"line":13,"column":20},"end":{"line":13,"column":45}},"7":{"start":{"line":14,"column":18},"end":{"line":14,"column":42}},"8":{"start":{"line":16,"column":15},"end":{"line":16,"column":32}},"9":{"start":{"line":18,"column":12},"end":{"line":18,"column":21}},"10":{"start":{"line":20,"column":0},"end":{"line":20,"column":16}},"11":{"start":{"line":21,"column":0},"end":{"line":21,"column":24}},"12":{"start":{"line":22,"column":0},"end":{"line":22,"column":24}},"13":{"start":{"line":23,"column":0},"end":{"line":23,"column":25}},"14":{"start":{"line":25,"column":0},"end":{"line":25,"column":29}},"15":{"start":{"line":26,"column":0},"end":{"line":26,"column":39}},"16":{"start":{"line":27,"column":0},"end":{"line":27,"column":31}},"17":{"start":{"line":28,"column":0},"end":{"line":28,"column":27}},"18":{"start":{"line":32,"column":0},"end":{"line":34,"column":3}},"19":{"start":{"line":33,"column":2},"end":{"line":33,"column":35}},"20":{"start":{"line":37,"column":0},"end":{"line":45,"column":3}},"21":{"start":{"line":38,"column":2},"end":{"line":38,"column":64}},"22":{"start":{"line":38,"column":39},"end":{"line":38,"column":64}},"23":{"start":{"line":39,"column":17},"end":{"line":39,"column":34}},"24":{"start":{"line":40,"column":18},"end":{"line":40,"column":29}},"25":{"start":{"line":42,"column":2},"end":{"line":44,"column":5}},"26":{"start":{"line":47,"column":0},"end":{"line":47,"column":21}}},"fnMap":{"0":{"name":"(anonymous_0)","decl":{"start":{"line":32,"column":8},"end":{"line":32,"column":9}},"loc":{"start":{"line":32,"column":34},"end":{"line":34,"column":1}},"line":32},"1":{"name":"(anonymous_1)","decl":{"start":{"line":37,"column":8},"end":{"line":37,"column":9}},"loc":{"start":{"line":37,"column":39},"end":{"line":45,"column":1}},"line":37}},"branchMap":{"0":{"loc":{"start":{"line":38,"column":2},"end":{"line":38,"column":64}},"type":"if","locations":[{"start":{"line":38,"column":2},"end":{"line":38,"column":64}},{"start":{},"end":{}}],"line":38},"1":{"loc":{"start":{"line":39,"column":17},"end":{"line":39,"column":34}},"type":"binary-expr","locations":[{"start":{"line":39,"column":17},"end":{"line":39,"column":27}},{"start":{"line":39,"column":31},"end":{"line":39,"column":34}}],"line":39}},"s":{"0":5,"1":5,"2":5,"3":5,"4":5,"5":5,"6":5,"7":5,"8":5,"9":5,"10":5,"11":5,"12":5,"13":5,"14":5,"15":5,"16":5,"17":5,"18":5,"19":2,"20":5,"21":53,"22":1,"23":53,"24":53,"25":53,"26":5},"f":{"0":2,"1":53},"b":{"0":[1,52],"1":[53,3]},"_coverageSchema":"1a1c01bbd47fc00a2c39e90264f33305004495a9","hash":"8a685ad55a7174fda64a31b0235c528d88732233"}
,"/home/michael/projects/jobly/express-jobly/config.js": {"path":"/home/michael/projects/jobly/express-jobly/config.js","statementMap":{"0":{"start":{"line":5,"column":0},"end":{"line":5,"column":27}},"1":{"start":{"line":6,"column":0},"end":{"line":6,"column":18}},"2":{"start":{"line":8,"column":17},"end":{"line":8,"column":37}},"3":{"start":{"line":9,"column":17},"end":{"line":9,"column":37}},"4":{"start":{"line":11,"column":19},"end":{"line":11,"column":57}},"5":{"start":{"line":13,"column":13},"end":{"line":13,"column":38}},"6":{"start":{"line":17,"column":2},"end":{"line":19,"column":91}},"7":{"start":{"line":25,"column":27},"end":{"line":25,"column":67}},"8":{"start":{"line":27,"column":0},"end":{"line":27,"column":35}},"9":{"start":{"line":28,"column":0},"end":{"line":28,"column":46}},"10":{"start":{"line":29,"column":0},"end":{"line":29,"column":45}},"11":{"start":{"line":30,"column":0},"end":{"line":30,"column":61}},"12":{"start":{"line":31,"column":0},"end":{"line":31,"column":50}},"13":{"start":{"line":32,"column":0},"end":{"line":32,"column":19}},"14":{"start":{"line":34,"column":0},"end":{"line":39,"column":2}}},"fnMap":{"0":{"name":"getDatabaseUri","decl":{"start":{"line":16,"column":9},"end":{"line":16,"column":23}},"loc":{"start":{"line":16,"column":26},"end":{"line":20,"column":1}},"line":16}},"branchMap":{"0":{"loc":{"start":{"line":11,"column":19},"end":{"line":11,"column":57}},"type":"binary-expr","locations":[{"start":{"line":11,"column":19},"end":{"line":11,"column":41}},{"start":{"line":11,"column":45},"end":{"line":11,"column":57}}],"line":11},"1":{"loc":{"start":{"line":13,"column":13},"end":{"line":13,"column":38}},"type":"binary-expr","locations":[{"start":{"line":13,"column":13},"end":{"line":13,"column":30}},{"start":{"line":13,"column":34},"end":{"line":13,"column":38}}],"line":13},"2":{"loc":{"start":{"line":17,"column":9},"end":{"line":19,"column":90}},"type":"cond-expr","locations":[{"start":{"line":18,"column":8},"end":{"line":18,"column":67}},{"start":{"line":19,"column":8},"end":{"line":19,"column":90}}],"line":17},"3":{"loc":{"start":{"line":19,"column":8},"end":{"line":19,"column":90}},"type":"binary-expr","locations":[{"start":{"line":19,"column":8},"end":{"line":19,"column":32}},{"start":{"line":19,"column":36},"end":{"line":19,"column":90}}],"line":19},"4":{"loc":{"start":{"line":25,"column":27},"end":{"line":25,"column":67}},"type":"cond-expr","locations":[{"start":{"line":25,"column":61},"end":{"line":25,"column":62}},{"start":{"line":25,"column":65},"end":{"line":25,"column":67}}],"line":25}},"s":{"0":11,"1":11,"2":11,"3":11,"4":11,"5":11,"6":22,"7":11,"8":11,"9":11,"10":11,"11":11,"12":11,"13":11,"14":11},"f":{"0":22},"b":{"0":[11,10],"1":[11,10],"2":[19,3],"3":[3,1],"4":[10,1]},"_coverageSchema":"1a1c01bbd47fc00a2c39e90264f33305004495a9","hash":"5075aad5adf5a0cbdf681fcf93206f010e82d261"}
,"/home/michael/projects/jobly/express-jobly/db.js": {"path":"/home/michael/projects/jobly/express-jobly/db.js","statementMap":{"0":{"start":{"line":3,"column":19},"end":{"line":3,"column":32}},"1":{"start":{"line":4,"column":27},"end":{"line":4,"column":46}},"2":{"start":{"line":8,"column":0},"end":{"line":19,"column":1}},"3":{"start":{"line":9,"column":2},"end":{"line":14,"column":5}},"4":{"start":{"line":16,"column":2},"end":{"line":18,"column":5}},"5":{"start":{"line":21,"column":0},"end":{"line":21,"column":13}},"6":{"start":{"line":23,"column":0},"end":{"line":23,"column":20}}},"fnMap":{},"branchMap":{"0":{"loc":{"start":{"line":8,"column":0},"end":{"line":19,"column":1}},"type":"if","locations":[{"start":{"line":8,"column":0},"end":{"line":19,"column":1}},{"start":{"line":15,"column":7},"end":{"line":19,"column":1}}],"line":8}},"s":{"0":8,"1":8,"2":8,"3":0,"4":8,"5":8,"6":8},"f":{},"b":{"0":[0,8]},"_coverageSchema":"1a1c01bbd47fc00a2c39e90264f33305004495a9","hash":"646e4b7cdcb0a3ff6bdf0b5411afe1f524a55368"}
,"/home/michael/projects/jobly/express-jobly/expressError.js": {"path":"/home/michael/projects/jobly/express-jobly/expressError.js","statementMap":{"0":{"start":{"line":9,"column":4},"end":{"line":9,"column":12}},"1":{"start":{"line":10,"column":4},"end":{"line":10,"column":27}},"2":{"start":{"line":11,"column":4},"end":{"line":11,"column":25}},"3":{"start":{"line":19,"column":4},"end":{"line":19,"column":24}},"4":{"start":{"line":27,"column":4},"end":{"line":27,"column":24}},"5":{"start":{"line":35,"column":4},"end":{"line":35,"column":24}},"6":{"start":{"line":43,"column":4},"end":{"line":43,"column":24}},"7":{"start":{"line":47,"column":0},"end":{"line":53,"column":2}}},"fnMap":{"0":{"name":"(anonymous_0)","decl":{"start":{"line":8,"column":2},"end":{"line":8,"column":3}},"loc":{"start":{"line":8,"column":31},"end":{"line":12,"column":3}},"line":8},"1":{"name":"(anonymous_1)","decl":{"start":{"line":18,"column":2},"end":{"line":18,"column":3}},"loc":{"start":{"line":18,"column":37},"end":{"line":20,"column":3}},"line":18},"2":{"name":"(anonymous_2)","decl":{"start":{"line":26,"column":2},"end":{"line":26,"column":3}},"loc":{"start":{"line":26,"column":40},"end":{"line":28,"column":3}},"line":26},"3":{"name":"(anonymous_3)","decl":{"start":{"line":34,"column":2},"end":{"line":34,"column":3}},"loc":{"start":{"line":34,"column":39},"end":{"line":36,"column":3}},"line":34},"4":{"name":"(anonymous_4)","decl":{"start":{"line":42,"column":2},"end":{"line":42,"column":3}},"loc":{"start":{"line":42,"column":39},"end":{"line":44,"column":3}},"line":42}},"branchMap":{"0":{"loc":{"start":{"line":18,"column":14},"end":{"line":18,"column":35}},"type":"default-arg","locations":[{"start":{"line":18,"column":24},"end":{"line":18,"column":35}}],"line":18},"1":{"loc":{"start":{"line":26,"column":14},"end":{"line":26,"column":38}},"type":"default-arg","locations":[{"start":{"line":26,"column":24},"end":{"line":26,"column":38}}],"line":26},"2":{"loc":{"start":{"line":34,"column":14},"end":{"line":34,"column":37}},"type":"default-arg","locations":[{"start":{"line":34,"column":24},"end":{"line":34,"column":37}}],"line":34},"3":{"loc":{"start":{"line":42,"column":14},"end":{"line":42,"column":37}},"type":"default-arg","locations":[{"start":{"line":42,"column":24},"end":{"line":42,"column":37}}],"line":42}},"s":{"0":69,"1":69,"2":69,"3":20,"4":26,"5":23,"6":0,"7":10},"f":{"0":69,"1":20,"2":26,"3":23,"4":0},"b":{"0":[2],"1":[22],"2":[0],"3":[0]},"_coverageSchema":"1a1c01bbd47fc00a2c39e90264f33305004495a9","hash":"d15ff9befb937060234ccff0a8cfc0c6ab46d9b2"}
,"/home/michael/projects/jobly/express-jobly/helpers/sql.js": {"path":"/home/michael/projects/jobly/express-jobly/helpers/sql.js","statementMap":{"0":{"start":{"line":1,"column":28},"end":{"line":1,"column":54}},"1":{"start":{"line":14,"column":15},"end":{"line":14,"column":40}},"2":{"start":{"line":15,"column":2},"end":{"line":15,"column":62}},"3":{"start":{"line":15,"column":25},"end":{"line":15,"column":62}},"4":{"start":{"line":18,"column":15},"end":{"line":20,"column":3}},"5":{"start":{"line":19,"column":6},"end":{"line":19,"column":52}},"6":{"start":{"line":23,"column":2},"end":{"line":26,"column":4}},"7":{"start":{"line":29,"column":0},"end":{"line":29,"column":41}}},"fnMap":{"0":{"name":"sqlForPartialUpdate","decl":{"start":{"line":13,"column":9},"end":{"line":13,"column":28}},"loc":{"start":{"line":13,"column":52},"end":{"line":27,"column":1}},"line":13},"1":{"name":"(anonymous_1)","decl":{"start":{"line":18,"column":24},"end":{"line":18,"column":25}},"loc":{"start":{"line":19,"column":6},"end":{"line":19,"column":52}},"line":19}},"branchMap":{"0":{"loc":{"start":{"line":15,"column":2},"end":{"line":15,"column":62}},"type":"if","locations":[{"start":{"line":15,"column":2},"end":{"line":15,"column":62}},{"start":{},"end":{}}],"line":15},"1":{"loc":{"start":{"line":19,"column":10},"end":{"line":19,"column":37}},"type":"binary-expr","locations":[{"start":{"line":19,"column":10},"end":{"line":19,"column":26}},{"start":{"line":19,"column":30},"end":{"line":19,"column":37}}],"line":19}},"s":{"0":9,"1":22,"2":22,"3":3,"4":19,"5":35,"6":19,"7":9},"f":{"0":22,"1":35},"b":{"0":[3,19],"1":[35,20]},"_coverageSchema":"1a1c01bbd47fc00a2c39e90264f33305004495a9","hash":"e42aac9496dc66c23d115210efffc7f131df463b"}
,"/home/michael/projects/jobly/express-jobly/helpers/tokens.js": {"path":"/home/michael/projects/jobly/express-jobly/helpers/tokens.js","statementMap":{"0":{"start":{"line":1,"column":12},"end":{"line":1,"column":35}},"1":{"start":{"line":2,"column":23},"end":{"line":2,"column":43}},"2":{"start":{"line":7,"column":2},"end":{"line":8,"column":58}},"3":{"start":{"line":10,"column":16},"end":{"line":13,"column":3}},"4":{"start":{"line":15,"column":2},"end":{"line":15,"column":39}},"5":{"start":{"line":18,"column":0},"end":{"line":18,"column":33}}},"fnMap":{"0":{"name":"createToken","decl":{"start":{"line":6,"column":9},"end":{"line":6,"column":20}},"loc":{"start":{"line":6,"column":27},"end":{"line":16,"column":1}},"line":6}},"branchMap":{"0":{"loc":{"start":{"line":12,"column":13},"end":{"line":12,"column":34}},"type":"binary-expr","locations":[{"start":{"line":12,"column":13},"end":{"line":12,"column":25}},{"start":{"line":12,"column":29},"end":{"line":12,"column":34}}],"line":12}},"s":{"0":6,"1":6,"2":15,"3":15,"4":15,"5":6},"f":{"0":15},"b":{"0":[15,8]},"_coverageSchema":"1a1c01bbd47fc00a2c39e90264f33305004495a9","hash":"c93bfa08e8cab11b453673aee31150b0c0a4cdd0"}
,"/home/michael/projects/jobly/express-jobly/middleware/auth.js": {"path":"/home/michael/projects/jobly/express-jobly/middleware/auth.js","statementMap":{"0":{"start":{"line":5,"column":12},"end":{"line":5,"column":35}},"1":{"start":{"line":6,"column":23},"end":{"line":6,"column":43}},"2":{"start":{"line":7,"column":30},"end":{"line":7,"column":56}},"3":{"start":{"line":19,"column":2},"end":{"line":28,"column":3}},"4":{"start":{"line":20,"column":23},"end":{"line":20,"column":63}},"5":{"start":{"line":21,"column":4},"end":{"line":24,"column":5}},"6":{"start":{"line":22,"column":20},"end":{"line":22,"column":64}},"7":{"start":{"line":23,"column":6},"end":{"line":23,"column":54}},"8":{"start":{"line":25,"column":4},"end":{"line":25,"column":18}},"9":{"start":{"line":27,"column":4},"end":{"line":27,"column":18}},"10":{"start":{"line":37,"column":2},"end":{"line":42,"column":3}},"11":{"start":{"line":38,"column":4},"end":{"line":38,"column":56}},"12":{"start":{"line":38,"column":26},"end":{"line":38,"column":56}},"13":{"start":{"line":39,"column":4},"end":{"line":39,"column":18}},"14":{"start":{"line":41,"column":4},"end":{"line":41,"column":21}},"15":{"start":{"line":46,"column":2},"end":{"line":51,"column":3}},"16":{"start":{"line":47,"column":4},"end":{"line":47,"column":84}},"17":{"start":{"line":47,"column":54},"end":{"line":47,"column":84}},"18":{"start":{"line":48,"column":4},"end":{"line":48,"column":17}},"19":{"start":{"line":50,"column":4},"end":{"line":50,"column":20}},"20":{"start":{"line":55,"column":2},"end":{"line":62,"column":3}},"21":{"start":{"line":56,"column":4},"end":{"line":58,"column":5}},"22":{"start":{"line":57,"column":6},"end":{"line":57,"column":36}},"23":{"start":{"line":59,"column":4},"end":{"line":59,"column":17}},"24":{"start":{"line":61,"column":4},"end":{"line":61,"column":20}},"25":{"start":{"line":66,"column":0},"end":{"line":71,"column":2}}},"fnMap":{"0":{"name":"authenticateJWT","decl":{"start":{"line":18,"column":9},"end":{"line":18,"column":24}},"loc":{"start":{"line":18,"column":41},"end":{"line":29,"column":1}},"line":18},"1":{"name":"ensureLoggedIn","decl":{"start":{"line":36,"column":9},"end":{"line":36,"column":23}},"loc":{"start":{"line":36,"column":40},"end":{"line":43,"column":1}},"line":36},"2":{"name":"ensureIsAdmin","decl":{"start":{"line":45,"column":9},"end":{"line":45,"column":22}},"loc":{"start":{"line":45,"column":39},"end":{"line":52,"column":1}},"line":45},"3":{"name":"ensureAdminOrCorrectUser","decl":{"start":{"line":54,"column":9},"end":{"line":54,"column":33}},"loc":{"start":{"line":54,"column":51},"end":{"line":63,"column":1}},"line":54}},"branchMap":{"0":{"loc":{"start":{"line":20,"column":23},"end":{"line":20,"column":63}},"type":"binary-expr","locations":[{"start":{"line":20,"column":23},"end":{"line":20,"column":34}},{"start":{"line":20,"column":38},"end":{"line":20,"column":63}}],"line":20},"1":{"loc":{"start":{"line":21,"column":4},"end":{"line":24,"column":5}},"type":"if","locations":[{"start":{"line":21,"column":4},"end":{"line":24,"column":5}},{"start":{},"end":{}}],"line":21},"2":{"loc":{"start":{"line":38,"column":4},"end":{"line":38,"column":56}},"type":"if","locations":[{"start":{"line":38,"column":4},"end":{"line":38,"column":56}},{"start":{},"end":{}}],"line":38},"3":{"loc":{"start":{"line":47,"column":4},"end":{"line":47,"column":84}},"type":"if","locations":[{"start":{"line":47,"column":4},"end":{"line":47,"column":84}},{"start":{},"end":{}}],"line":47},"4":{"loc":{"start":{"line":47,"column":8},"end":{"line":47,"column":52}},"type":"binary-expr","locations":[{"start":{"line":47,"column":8},"end":{"line":47,"column":24}},{"start":{"line":47,"column":28},"end":{"line":47,"column":52}}],"line":47},"5":{"loc":{"start":{"line":56,"column":4},"end":{"line":58,"column":5}},"type":"if","locations":[{"start":{"line":56,"column":4},"end":{"line":58,"column":5}},{"start":{},"end":{}}],"line":56},"6":{"loc":{"start":{"line":56,"column":8},"end":{"line":56,"column":105}},"type":"binary-expr","locations":[{"start":{"line":56,"column":8},"end":{"line":56,"column":24}},{"start":{"line":56,"column":29},"end":{"line":56,"column":53}},{"start":{"line":56,"column":57},"end":{"line":56,"column":104}}],"line":56}},"s":{"0":6,"1":6,"2":6,"3":81,"4":81,"5":81,"6":50,"7":50,"8":80,"9":1,"10":2,"11":2,"12":1,"13":1,"14":1,"15":40,"16":40,"17":15,"18":25,"19":15,"20":18,"21":18,"22":6,"23":12,"24":6,"25":6},"f":{"0":81,"1":2,"2":40,"3":18},"b":{"0":[81,80],"1":[50,31],"2":[1,1],"3":[15,25],"4":[40,34],"5":[6,12],"6":[18,15,6]},"_coverageSchema":"1a1c01bbd47fc00a2c39e90264f33305004495a9","hash":"abb380850c4f43f4cd01001ed4af1aecbe7bd58a"}
,"/home/michael/projects/jobly/express-jobly/models/_testCommon.js": {"path":"/home/michael/projects/jobly/express-jobly/models/_testCommon.js","statementMap":{"0":{"start":{"line":1,"column":15},"end":{"line":1,"column":32}},"1":{"start":{"line":3,"column":11},"end":{"line":3,"column":30}},"2":{"start":{"line":4,"column":31},"end":{"line":4,"column":51}},"3":{"start":{"line":8,"column":2},"end":{"line":8,"column":42}},"4":{"start":{"line":10,"column":2},"end":{"line":10,"column":38}},"5":{"start":{"line":12,"column":2},"end":{"line":12,"column":36}},"6":{"start":{"line":14,"column":2},"end":{"line":18,"column":55}},"7":{"start":{"line":20,"column":2},"end":{"line":32,"column":9}},"8":{"start":{"line":34,"column":2},"end":{"line":39,"column":6}},"9":{"start":{"line":43,"column":2},"end":{"line":43,"column":26}},"10":{"start":{"line":47,"column":2},"end":{"line":47,"column":29}},"11":{"start":{"line":51,"column":2},"end":{"line":51,"column":17}},"12":{"start":{"line":55,"column":0},"end":{"line":60,"column":2}}},"fnMap":{"0":{"name":"commonBeforeAll","decl":{"start":{"line":6,"column":15},"end":{"line":6,"column":30}},"loc":{"start":{"line":6,"column":33},"end":{"line":40,"column":1}},"line":6},"1":{"name":"commonBeforeEach","decl":{"start":{"line":42,"column":15},"end":{"line":42,"column":31}},"loc":{"start":{"line":42,"column":34},"end":{"line":44,"column":1}},"line":42},"2":{"name":"commonAfterEach","decl":{"start":{"line":46,"column":15},"end":{"line":46,"column":30}},"loc":{"start":{"line":46,"column":33},"end":{"line":48,"column":1}},"line":46},"3":{"name":"commonAfterAll","decl":{"start":{"line":50,"column":15},"end":{"line":50,"column":29}},"loc":{"start":{"line":50,"column":32},"end":{"line":52,"column":1}},"line":50}},"branchMap":{},"s":{"0":3,"1":3,"2":3,"3":3,"4":3,"5":3,"6":3,"7":3,"8":3,"9":40,"10":40,"11":3,"12":3},"f":{"0":3,"1":40,"2":40,"3":3},"b":{},"_coverageSchema":"1a1c01bbd47fc00a2c39e90264f33305004495a9","hash":"78205e8cb9ca93d29610100de2a72399aeb24abd"}
,"/home/michael/projects/jobly/express-jobly/models/company.js": {"path":"/home/michael/projects/jobly/express-jobly/models/company.js","statementMap":{"0":{"start":{"line":3,"column":11},"end":{"line":3,"column":27}},"1":{"start":{"line":4,"column":43},"end":{"line":4,"column":69}},"2":{"start":{"line":5,"column":32},"end":{"line":5,"column":57}},"3":{"start":{"line":20,"column":27},"end":{"line":24,"column":17}},"4":{"start":{"line":26,"column":4},"end":{"line":27,"column":64}},"5":{"start":{"line":27,"column":6},"end":{"line":27,"column":64}},"6":{"start":{"line":29,"column":19},"end":{"line":41,"column":5}},"7":{"start":{"line":42,"column":20},"end":{"line":42,"column":34}},"8":{"start":{"line":44,"column":4},"end":{"line":44,"column":19}},"9":{"start":{"line":54,"column":49},"end":{"line":54,"column":56}},"10":{"start":{"line":55,"column":4},"end":{"line":57,"column":5}},"11":{"start":{"line":56,"column":6},"end":{"line":56,"column":75}},"12":{"start":{"line":60,"column":15},"end":{"line":60,"column":17}},"13":{"start":{"line":61,"column":19},"end":{"line":61,"column":21}},"14":{"start":{"line":64,"column":4},"end":{"line":67,"column":5}},"15":{"start":{"line":65,"column":6},"end":{"line":65,"column":31}},"16":{"start":{"line":66,"column":6},"end":{"line":66,"column":53}},"17":{"start":{"line":68,"column":4},"end":{"line":71,"column":5}},"18":{"start":{"line":69,"column":6},"end":{"line":69,"column":31}},"19":{"start":{"line":70,"column":6},"end":{"line":70,"column":53}},"20":{"start":{"line":72,"column":4},"end":{"line":75,"column":5}},"21":{"start":{"line":73,"column":6},"end":{"line":73,"column":30}},"22":{"start":{"line":74,"column":6},"end":{"line":74,"column":47}},"23":{"start":{"line":78,"column":4},"end":{"line":78,"column":29}},"24":{"start":{"line":81,"column":24},"end":{"line":81,"column":60}},"25":{"start":{"line":82,"column":25},"end":{"line":90,"column":39}},"26":{"start":{"line":91,"column":4},"end":{"line":91,"column":29}},"27":{"start":{"line":103,"column":23},"end":{"line":111,"column":17}},"28":{"start":{"line":113,"column":20},"end":{"line":113,"column":38}},"29":{"start":{"line":115,"column":4},"end":{"line":115,"column":67}},"30":{"start":{"line":115,"column":18},"end":{"line":115,"column":67}},"31":{"start":{"line":117,"column":4},"end":{"line":117,"column":19}},"32":{"start":{"line":133,"column":32},"end":{"line":138,"column":10}},"33":{"start":{"line":139,"column":25},"end":{"line":139,"column":50}},"34":{"start":{"line":141,"column":21},"end":{"line":148,"column":54}},"35":{"start":{"line":149,"column":19},"end":{"line":149,"column":64}},"36":{"start":{"line":150,"column":20},"end":{"line":150,"column":34}},"37":{"start":{"line":152,"column":4},"end":{"line":152,"column":67}},"38":{"start":{"line":152,"column":18},"end":{"line":152,"column":67}},"39":{"start":{"line":154,"column":4},"end":{"line":154,"column":19}},"40":{"start":{"line":163,"column":19},"end":{"line":168,"column":17}},"41":{"start":{"line":169,"column":20},"end":{"line":169,"column":34}},"42":{"start":{"line":171,"column":4},"end":{"line":171,"column":67}},"43":{"start":{"line":171,"column":18},"end":{"line":171,"column":67}},"44":{"start":{"line":176,"column":0},"end":{"line":176,"column":25}}},"fnMap":{"0":{"name":"(anonymous_0)","decl":{"start":{"line":19,"column":2},"end":{"line":19,"column":3}},"loc":{"start":{"line":19,"column":76},"end":{"line":45,"column":3}},"line":19},"1":{"name":"(anonymous_1)","decl":{"start":{"line":52,"column":2},"end":{"line":52,"column":3}},"loc":{"start":{"line":52,"column":34},"end":{"line":92,"column":3}},"line":52},"2":{"name":"(anonymous_2)","decl":{"start":{"line":102,"column":2},"end":{"line":102,"column":3}},"loc":{"start":{"line":102,"column":27},"end":{"line":118,"column":3}},"line":102},"3":{"name":"(anonymous_3)","decl":{"start":{"line":132,"column":2},"end":{"line":132,"column":3}},"loc":{"start":{"line":132,"column":36},"end":{"line":155,"column":3}},"line":132},"4":{"name":"(anonymous_4)","decl":{"start":{"line":162,"column":2},"end":{"line":162,"column":3}},"loc":{"start":{"line":162,"column":30},"end":{"line":172,"column":3}},"line":162}},"branchMap":{"0":{"loc":{"start":{"line":26,"column":4},"end":{"line":27,"column":64}},"type":"if","locations":[{"start":{"line":26,"column":4},"end":{"line":27,"column":64}},{"start":{},"end":{}}],"line":26},"1":{"loc":{"start":{"line":52,"column":20},"end":{"line":52,"column":32}},"type":"default-arg","locations":[{"start":{"line":52,"column":30},"end":{"line":52,"column":32}}],"line":52},"2":{"loc":{"start":{"line":55,"column":4},"end":{"line":57,"column":5}},"type":"if","locations":[{"start":{"line":55,"column":4},"end":{"line":57,"column":5}},{"start":{},"end":{}}],"line":55},"3":{"loc":{"start":{"line":64,"column":4},"end":{"line":67,"column":5}},"type":"if","locations":[{"start":{"line":64,"column":4},"end":{"line":67,"column":5}},{"start":{},"end":{}}],"line":64},"4":{"loc":{"start":{"line":68,"column":4},"end":{"line":71,"column":5}},"type":"if","locations":[{"start":{"line":68,"column":4},"end":{"line":71,"column":5}},{"start":{},"end":{}}],"line":68},"5":{"loc":{"start":{"line":72,"column":4},"end":{"line":75,"column":5}},"type":"if","locations":[{"start":{"line":72,"column":4},"end":{"line":75,"column":5}},{"start":{},"end":{}}],"line":72},"6":{"loc":{"start":{"line":81,"column":24},"end":{"line":81,"column":60}},"type":"cond-expr","locations":[{"start":{"line":81,"column":31},"end":{"line":81,"column":46}},{"start":{"line":81,"column":49},"end":{"line":81,"column":60}}],"line":81},"7":{"loc":{"start":{"line":115,"column":4},"end":{"line":115,"column":67}},"type":"if","locations":[{"start":{"line":115,"column":4},"end":{"line":115,"column":67}},{"start":{},"end":{}}],"line":115},"8":{"loc":{"start":{"line":152,"column":4},"end":{"line":152,"column":67}},"type":"if","locations":[{"start":{"line":152,"column":4},"end":{"line":152,"column":67}},{"start":{},"end":{}}],"line":152},"9":{"loc":{"start":{"line":171,"column":4},"end":{"line":171,"column":67}},"type":"if","locations":[{"start":{"line":171,"column":4},"end":{"line":171,"column":67}},{"start":{},"end":{}}],"line":171}},"s":{"0":6,"1":6,"2":6,"3":16,"4":16,"5":1,"6":15,"7":15,"8":15,"9":6,"10":6,"11":0,"12":6,"13":6,"14":6,"15":3,"16":3,"17":6,"18":2,"19":2,"20":6,"21":1,"22":1,"23":6,"24":6,"25":6,"26":5,"27":5,"28":5,"29":5,"30":2,"31":3,"32":6,"33":5,"34":5,"35":5,"36":5,"37":5,"38":2,"39":3,"40":4,"41":4,"42":4,"43":2,"44":6},"f":{"0":16,"1":6,"2":5,"3":6,"4":4},"b":{"0":[1,15],"1":[1],"2":[0,6],"3":[3,3],"4":[2,4],"5":[1,5],"6":[3,3],"7":[2,3],"8":[2,3],"9":[2,2]},"_coverageSchema":"1a1c01bbd47fc00a2c39e90264f33305004495a9","hash":"086decb8305e99740b279b717a995e9027cb8f48"}
,"/home/michael/projects/jobly/express-jobly/models/job.js": {"path":"/home/michael/projects/jobly/express-jobly/models/job.js","statementMap":{"0":{"start":{"line":3,"column":11},"end":{"line":3,"column":27}},"1":{"start":{"line":4,"column":43},"end":{"line":4,"column":69}},"2":{"start":{"line":5,"column":32},"end":{"line":5,"column":57}},"3":{"start":{"line":20,"column":27},"end":{"line":24,"column":16}},"4":{"start":{"line":26,"column":4},"end":{"line":27,"column":59}},"5":{"start":{"line":27,"column":6},"end":{"line":27,"column":59}},"6":{"start":{"line":29,"column":19},"end":{"line":40,"column":5}},"7":{"start":{"line":41,"column":16},"end":{"line":41,"column":30}},"8":{"start":{"line":43,"column":4},"end":{"line":43,"column":15}},"9":{"start":{"line":53,"column":44},"end":{"line":53,"column":51}},"10":{"start":{"line":56,"column":15},"end":{"line":56,"column":17}},"11":{"start":{"line":57,"column":19},"end":{"line":57,"column":21}},"12":{"start":{"line":60,"column":4},"end":{"line":63,"column":5}},"13":{"start":{"line":61,"column":6},"end":{"line":61,"column":31}},"14":{"start":{"line":62,"column":6},"end":{"line":62,"column":48}},"15":{"start":{"line":64,"column":4},"end":{"line":67,"column":5}},"16":{"start":{"line":65,"column":6},"end":{"line":65,"column":28}},"17":{"start":{"line":66,"column":6},"end":{"line":66,"column":46}},"18":{"start":{"line":68,"column":4},"end":{"line":70,"column":5}},"19":{"start":{"line":69,"column":6},"end":{"line":69,"column":29}},"20":{"start":{"line":73,"column":4},"end":{"line":73,"column":29}},"21":{"start":{"line":76,"column":24},"end":{"line":76,"column":60}},"22":{"start":{"line":77,"column":20},"end":{"line":84,"column":40}},"23":{"start":{"line":85,"column":4},"end":{"line":85,"column":24}},"24":{"start":{"line":96,"column":19},"end":{"line":103,"column":16}},"25":{"start":{"line":105,"column":16},"end":{"line":105,"column":30}},"26":{"start":{"line":107,"column":4},"end":{"line":107,"column":58}},"27":{"start":{"line":107,"column":14},"end":{"line":107,"column":58}},"28":{"start":{"line":109,"column":4},"end":{"line":109,"column":15}},"29":{"start":{"line":125,"column":32},"end":{"line":127,"column":11}},"30":{"start":{"line":128,"column":24},"end":{"line":128,"column":49}},"31":{"start":{"line":130,"column":21},"end":{"line":136,"column":66}},"32":{"start":{"line":137,"column":19},"end":{"line":137,"column":63}},"33":{"start":{"line":138,"column":16},"end":{"line":138,"column":30}},"34":{"start":{"line":140,"column":4},"end":{"line":140,"column":58}},"35":{"start":{"line":140,"column":14},"end":{"line":140,"column":58}},"36":{"start":{"line":142,"column":4},"end":{"line":142,"column":15}},"37":{"start":{"line":151,"column":19},"end":{"line":156,"column":16}},"38":{"start":{"line":157,"column":16},"end":{"line":157,"column":30}},"39":{"start":{"line":159,"column":4},"end":{"line":159,"column":58}},"40":{"start":{"line":159,"column":14},"end":{"line":159,"column":58}},"41":{"start":{"line":164,"column":0},"end":{"line":164,"column":21}}},"fnMap":{"0":{"name":"(anonymous_0)","decl":{"start":{"line":19,"column":2},"end":{"line":19,"column":3}},"loc":{"start":{"line":19,"column":64},"end":{"line":44,"column":3}},"line":19},"1":{"name":"(anonymous_1)","decl":{"start":{"line":51,"column":2},"end":{"line":51,"column":3}},"loc":{"start":{"line":51,"column":34},"end":{"line":86,"column":3}},"line":51},"2":{"name":"(anonymous_2)","decl":{"start":{"line":95,"column":2},"end":{"line":95,"column":3}},"loc":{"start":{"line":95,"column":26},"end":{"line":110,"column":3}},"line":95},"3":{"name":"(anonymous_3)","decl":{"start":{"line":124,"column":2},"end":{"line":124,"column":3}},"loc":{"start":{"line":124,"column":35},"end":{"line":143,"column":3}},"line":124},"4":{"name":"(anonymous_4)","decl":{"start":{"line":150,"column":2},"end":{"line":150,"column":3}},"loc":{"start":{"line":150,"column":29},"end":{"line":160,"column":3}},"line":150}},"branchMap":{"0":{"loc":{"start":{"line":26,"column":4},"end":{"line":27,"column":59}},"type":"if","locations":[{"start":{"line":26,"column":4},"end":{"line":27,"column":59}},{"start":{},"end":{}}],"line":26},"1":{"loc":{"start":{"line":51,"column":20},"end":{"line":51,"column":32}},"type":"default-arg","locations":[{"start":{"line":51,"column":30},"end":{"line":51,"column":32}}],"line":51},"2":{"loc":{"start":{"line":60,"column":4},"end":{"line":63,"column":5}},"type":"if","locations":[{"start":{"line":60,"column":4},"end":{"line":63,"column":5}},{"start":{},"end":{}}],"line":60},"3":{"loc":{"start":{"line":64,"column":4},"end":{"line":67,"column":5}},"type":"if","locations":[{"start":{"line":64,"column":4},"end":{"line":67,"column":5}},{"start":{},"end":{}}],"line":64},"4":{"loc":{"start":{"line":68,"column":4},"end":{"line":70,"column":5}},"type":"if","locations":[{"start":{"line":68,"column":4},"end":{"line":70,"column":5}},{"start":{},"end":{}}],"line":68},"5":{"loc":{"start":{"line":76,"column":24},"end":{"line":76,"column":60}},"type":"cond-expr","locations":[{"start":{"line":76,"column":31},"end":{"line":76,"column":46}},{"start":{"line":76,"column":49},"end":{"line":76,"column":60}}],"line":76},"6":{"loc":{"start":{"line":107,"column":4},"end":{"line":107,"column":58}},"type":"if","locations":[{"start":{"line":107,"column":4},"end":{"line":107,"column":58}},{"start":{},"end":{}}],"line":107},"7":{"loc":{"start":{"line":140,"column":4},"end":{"line":140,"column":58}},"type":"if","locations":[{"start":{"line":140,"column":4},"end":{"line":140,"column":58}},{"start":{},"end":{}}],"line":140},"8":{"loc":{"start":{"line":159,"column":4},"end":{"line":159,"column":58}},"type":"if","locations":[{"start":{"line":159,"column":4},"end":{"line":159,"column":58}},{"start":{},"end":{}}],"line":159}},"s":{"0":6,"1":6,"2":6,"3":16,"4":16,"5":1,"6":15,"7":15,"8":15,"9":5,"10":5,"11":5,"12":5,"13":1,"14":1,"15":5,"16":2,"17":2,"18":5,"19":1,"20":5,"21":5,"22":5,"23":4,"24":4,"25":4,"26":4,"27":2,"28":2,"29":6,"30":5,"31":5,"32":5,"33":5,"34":5,"35":2,"36":3,"37":4,"38":4,"39":4,"40":2,"41":6},"f":{"0":16,"1":5,"2":4,"3":6,"4":4},"b":{"0":[1,15],"1":[1],"2":[1,4],"3":[2,3],"4":[1,4],"5":[2,3],"6":[2,2],"7":[2,3],"8":[2,2]},"_coverageSchema":"1a1c01bbd47fc00a2c39e90264f33305004495a9","hash":"490c0b8107dcbb214d41f40727c8a1e04244ef26"}
,"/home/michael/projects/jobly/express-jobly/models/user.js": {"path":"/home/michael/projects/jobly/express-jobly/models/user.js","statementMap":{"0":{"start":{"line":3,"column":11},"end":{"line":3,"column":27}},"1":{"start":{"line":4,"column":15},"end":{"line":4,"column":32}},"2":{"start":{"line":5,"column":32},"end":{"line":5,"column":57}},"3":{"start":{"line":10,"column":4},"end":{"line":10,"column":30}},"4":{"start":{"line":12,"column":31},"end":{"line":12,"column":54}},"5":{"start":{"line":26,"column":19},"end":{"line":36,"column":5}},"6":{"start":{"line":38,"column":17},"end":{"line":38,"column":31}},"7":{"start":{"line":40,"column":4},"end":{"line":47,"column":5}},"8":{"start":{"line":42,"column":22},"end":{"line":42,"column":67}},"9":{"start":{"line":43,"column":6},"end":{"line":46,"column":7}},"10":{"start":{"line":44,"column":8},"end":{"line":44,"column":29}},"11":{"start":{"line":45,"column":8},"end":{"line":45,"column":20}},"12":{"start":{"line":49,"column":4},"end":{"line":49,"column":61}},"13":{"start":{"line":60,"column":27},"end":{"line":65,"column":5}},"14":{"start":{"line":67,"column":4},"end":{"line":69,"column":5}},"15":{"start":{"line":68,"column":6},"end":{"line":68,"column":67}},"16":{"start":{"line":71,"column":27},"end":{"line":71,"column":74}},"17":{"start":{"line":73,"column":19},"end":{"line":91,"column":5}},"18":{"start":{"line":93,"column":17},"end":{"line":93,"column":31}},"19":{"start":{"line":95,"column":4},"end":{"line":95,"column":16}},"20":{"start":{"line":104,"column":19},"end":{"line":112,"column":5}},"21":{"start":{"line":114,"column":4},"end":{"line":114,"column":23}},"22":{"start":{"line":126,"column":20},"end":{"line":135,"column":5}},"23":{"start":{"line":137,"column":17},"end":{"line":137,"column":32}},"24":{"start":{"line":139,"column":4},"end":{"line":139,"column":63}},"25":{"start":{"line":139,"column":15},"end":{"line":139,"column":63}},"26":{"start":{"line":141,"column":4},"end":{"line":141,"column":16}},"27":{"start":{"line":162,"column":4},"end":{"line":164,"column":5}},"28":{"start":{"line":163,"column":6},"end":{"line":163,"column":75}},"29":{"start":{"line":166,"column":32},"end":{"line":172,"column":10}},"30":{"start":{"line":173,"column":27},"end":{"line":173,"column":52}},"31":{"start":{"line":175,"column":21},"end":{"line":182,"column":54}},"32":{"start":{"line":183,"column":19},"end":{"line":183,"column":66}},"33":{"start":{"line":184,"column":17},"end":{"line":184,"column":31}},"34":{"start":{"line":186,"column":4},"end":{"line":186,"column":63}},"35":{"start":{"line":186,"column":15},"end":{"line":186,"column":63}},"36":{"start":{"line":188,"column":4},"end":{"line":188,"column":25}},"37":{"start":{"line":189,"column":4},"end":{"line":189,"column":16}},"38":{"start":{"line":195,"column":17},"end":{"line":201,"column":5}},"39":{"start":{"line":202,"column":17},"end":{"line":202,"column":31}},"40":{"start":{"line":204,"column":4},"end":{"line":204,"column":63}},"41":{"start":{"line":204,"column":15},"end":{"line":204,"column":63}},"42":{"start":{"line":209,"column":0},"end":{"line":209,"column":22}}},"fnMap":{"0":{"name":"(anonymous_0)","decl":{"start":{"line":24,"column":2},"end":{"line":24,"column":3}},"loc":{"start":{"line":24,"column":48},"end":{"line":50,"column":3}},"line":24},"1":{"name":"(anonymous_1)","decl":{"start":{"line":59,"column":2},"end":{"line":59,"column":3}},"loc":{"start":{"line":59,"column":85},"end":{"line":96,"column":3}},"line":59},"2":{"name":"(anonymous_2)","decl":{"start":{"line":103,"column":2},"end":{"line":103,"column":3}},"loc":{"start":{"line":103,"column":25},"end":{"line":115,"column":3}},"line":103},"3":{"name":"(anonymous_3)","decl":{"start":{"line":125,"column":2},"end":{"line":125,"column":3}},"loc":{"start":{"line":125,"column":29},"end":{"line":142,"column":3}},"line":125},"4":{"name":"(anonymous_4)","decl":{"start":{"line":161,"column":2},"end":{"line":161,"column":3}},"loc":{"start":{"line":161,"column":38},"end":{"line":190,"column":3}},"line":161},"5":{"name":"(anonymous_5)","decl":{"start":{"line":194,"column":2},"end":{"line":194,"column":3}},"loc":{"start":{"line":194,"column":32},"end":{"line":205,"column":3}},"line":194}},"branchMap":{"0":{"loc":{"start":{"line":40,"column":4},"end":{"line":47,"column":5}},"type":"if","locations":[{"start":{"line":40,"column":4},"end":{"line":47,"column":5}},{"start":{},"end":{}}],"line":40},"1":{"loc":{"start":{"line":43,"column":6},"end":{"line":46,"column":7}},"type":"if","locations":[{"start":{"line":43,"column":6},"end":{"line":46,"column":7}},{"start":{},"end":{}}],"line":43},"2":{"loc":{"start":{"line":67,"column":4},"end":{"line":69,"column":5}},"type":"if","locations":[{"start":{"line":67,"column":4},"end":{"line":69,"column":5}},{"start":{},"end":{}}],"line":67},"3":{"loc":{"start":{"line":139,"column":4},"end":{"line":139,"column":63}},"type":"if","locations":[{"start":{"line":139,"column":4},"end":{"line":139,"column":63}},{"start":{},"end":{}}],"line":139},"4":{"loc":{"start":{"line":162,"column":4},"end":{"line":164,"column":5}},"type":"if","locations":[{"start":{"line":162,"column":4},"end":{"line":164,"column":5}},{"start":{},"end":{}}],"line":162},"5":{"loc":{"start":{"line":186,"column":4},"end":{"line":186,"column":63}},"type":"if","locations":[{"start":{"line":186,"column":4},"end":{"line":186,"column":63}},{"start":{},"end":{}}],"line":186},"6":{"loc":{"start":{"line":204,"column":4},"end":{"line":204,"column":63}},"type":"if","locations":[{"start":{"line":204,"column":4},"end":{"line":204,"column":63}},{"start":{},"end":{}}],"line":204}},"s":{"0":6,"1":6,"2":6,"3":6,"4":6,"5":7,"6":7,"7":7,"8":4,"9":4,"10":3,"11":3,"12":4,"13":19,"14":19,"15":1,"16":18,"17":18,"18":18,"19":18,"20":3,"21":2,"22":5,"23":5,"24":5,"25":2,"26":3,"27":8,"28":2,"29":8,"30":7,"31":7,"32":7,"33":7,"34":7,"35":2,"36":5,"37":5,"38":5,"39":5,"40":5,"41":2,"42":6},"f":{"0":7,"1":19,"2":3,"3":5,"4":8,"5":5},"b":{"0":[4,3],"1":[3,1],"2":[1,18],"3":[2,3],"4":[2,6],"5":[2,5],"6":[2,3]},"_coverageSchema":"1a1c01bbd47fc00a2c39e90264f33305004495a9","hash":"0b94e365f01872a30b4d521bb127e3e31a69bb8e"}
,"/home/michael/projects/jobly/express-jobly/routes/_testCommon.js": {"path":"/home/michael/projects/jobly/express-jobly/routes/_testCommon.js","statementMap":{"0":{"start":{"line":3,"column":11},"end":{"line":3,"column":30}},"1":{"start":{"line":4,"column":13},"end":{"line":4,"column":38}},"2":{"start":{"line":5,"column":16},"end":{"line":5,"column":44}},"3":{"start":{"line":6,"column":12},"end":{"line":6,"column":36}},"4":{"start":{"line":7,"column":24},"end":{"line":7,"column":52}},"5":{"start":{"line":11,"column":2},"end":{"line":11,"column":38}},"6":{"start":{"line":13,"column":2},"end":{"line":13,"column":42}},"7":{"start":{"line":15,"column":2},"end":{"line":22,"column":9}},"8":{"start":{"line":23,"column":2},"end":{"line":30,"column":9}},"9":{"start":{"line":31,"column":2},"end":{"line":38,"column":9}},"10":{"start":{"line":40,"column":2},"end":{"line":47,"column":5}},"11":{"start":{"line":48,"column":2},"end":{"line":55,"column":5}},"12":{"start":{"line":56,"column":2},"end":{"line":63,"column":5}},"13":{"start":{"line":65,"column":2},"end":{"line":71,"column":7}},"14":{"start":{"line":72,"column":2},"end":{"line":78,"column":7}},"15":{"start":{"line":79,"column":2},"end":{"line":85,"column":7}},"16":{"start":{"line":89,"column":2},"end":{"line":89,"column":26}},"17":{"start":{"line":93,"column":2},"end":{"line":93,"column":29}},"18":{"start":{"line":97,"column":2},"end":{"line":97,"column":17}},"19":{"start":{"line":101,"column":16},"end":{"line":101,"column":62}},"20":{"start":{"line":102,"column":16},"end":{"line":102,"column":63}},"21":{"start":{"line":105,"column":0},"end":{"line":112,"column":2}}},"fnMap":{"0":{"name":"commonBeforeAll","decl":{"start":{"line":9,"column":15},"end":{"line":9,"column":30}},"loc":{"start":{"line":9,"column":33},"end":{"line":86,"column":1}},"line":9},"1":{"name":"commonBeforeEach","decl":{"start":{"line":88,"column":15},"end":{"line":88,"column":31}},"loc":{"start":{"line":88,"column":34},"end":{"line":90,"column":1}},"line":88},"2":{"name":"commonAfterEach","decl":{"start":{"line":92,"column":15},"end":{"line":92,"column":30}},"loc":{"start":{"line":92,"column":33},"end":{"line":94,"column":1}},"line":92},"3":{"name":"commonAfterAll","decl":{"start":{"line":96,"column":15},"end":{"line":96,"column":29}},"loc":{"start":{"line":96,"column":32},"end":{"line":98,"column":1}},"line":96}},"branchMap":{},"s":{"0":4,"1":4,"2":4,"3":4,"4":4,"5":4,"6":4,"7":4,"8":4,"9":4,"10":4,"11":4,"12":4,"13":4,"14":4,"15":4,"16":76,"17":76,"18":4,"19":4,"20":4,"21":4},"f":{"0":4,"1":76,"2":76,"3":4},"b":{},"_coverageSchema":"1a1c01bbd47fc00a2c39e90264f33305004495a9","hash":"53b650656339e8f894805e2841a8928ff39daf59"}
,"/home/michael/projects/jobly/express-jobly/routes/auth.js": {"path":"/home/michael/projects/jobly/express-jobly/routes/auth.js","statementMap":{"0":{"start":{"line":5,"column":19},"end":{"line":5,"column":40}},"1":{"start":{"line":7,"column":13},"end":{"line":7,"column":38}},"2":{"start":{"line":8,"column":16},"end":{"line":8,"column":34}},"3":{"start":{"line":9,"column":15},"end":{"line":9,"column":35}},"4":{"start":{"line":10,"column":24},"end":{"line":10,"column":52}},"5":{"start":{"line":11,"column":23},"end":{"line":11,"column":58}},"6":{"start":{"line":12,"column":27},"end":{"line":12,"column":66}},"7":{"start":{"line":13,"column":28},"end":{"line":13,"column":54}},"8":{"start":{"line":22,"column":0},"end":{"line":37,"column":3}},"9":{"start":{"line":23,"column":2},"end":{"line":36,"column":3}},"10":{"start":{"line":24,"column":22},"end":{"line":24,"column":67}},"11":{"start":{"line":25,"column":4},"end":{"line":28,"column":5}},"12":{"start":{"line":26,"column":19},"end":{"line":26,"column":53}},"13":{"start":{"line":26,"column":45},"end":{"line":26,"column":52}},"14":{"start":{"line":27,"column":6},"end":{"line":27,"column":38}},"15":{"start":{"line":30,"column":35},"end":{"line":30,"column":43}},"16":{"start":{"line":31,"column":17},"end":{"line":31,"column":60}},"17":{"start":{"line":32,"column":18},"end":{"line":32,"column":35}},"18":{"start":{"line":33,"column":4},"end":{"line":33,"column":31}},"19":{"start":{"line":35,"column":4},"end":{"line":35,"column":21}},"20":{"start":{"line":49,"column":0},"end":{"line":63,"column":3}},"21":{"start":{"line":50,"column":2},"end":{"line":62,"column":3}},"22":{"start":{"line":51,"column":22},"end":{"line":51,"column":71}},"23":{"start":{"line":52,"column":4},"end":{"line":55,"column":5}},"24":{"start":{"line":53,"column":19},"end":{"line":53,"column":53}},"25":{"start":{"line":53,"column":45},"end":{"line":53,"column":52}},"26":{"start":{"line":54,"column":6},"end":{"line":54,"column":38}},"27":{"start":{"line":57,"column":20},"end":{"line":57,"column":72}},"28":{"start":{"line":58,"column":18},"end":{"line":58,"column":38}},"29":{"start":{"line":59,"column":4},"end":{"line":59,"column":43}},"30":{"start":{"line":61,"column":4},"end":{"line":61,"column":21}},"31":{"start":{"line":66,"column":0},"end":{"line":66,"column":24}}},"fnMap":{"0":{"name":"(anonymous_0)","decl":{"start":{"line":22,"column":22},"end":{"line":22,"column":23}},"loc":{"start":{"line":22,"column":54},"end":{"line":37,"column":1}},"line":22},"1":{"name":"(anonymous_1)","decl":{"start":{"line":26,"column":40},"end":{"line":26,"column":41}},"loc":{"start":{"line":26,"column":45},"end":{"line":26,"column":52}},"line":26},"2":{"name":"(anonymous_2)","decl":{"start":{"line":49,"column":25},"end":{"line":49,"column":26}},"loc":{"start":{"line":49,"column":57},"end":{"line":63,"column":1}},"line":49},"3":{"name":"(anonymous_3)","decl":{"start":{"line":53,"column":40},"end":{"line":53,"column":41}},"loc":{"start":{"line":53,"column":45},"end":{"line":53,"column":52}},"line":53}},"branchMap":{"0":{"loc":{"start":{"line":25,"column":4},"end":{"line":28,"column":5}},"type":"if","locations":[{"start":{"line":25,"column":4},"end":{"line":28,"column":5}},{"start":{},"end":{}}],"line":25},"1":{"loc":{"start":{"line":52,"column":4},"end":{"line":55,"column":5}},"type":"if","locations":[{"start":{"line":52,"column":4},"end":{"line":55,"column":5}},{"start":{},"end":{}}],"line":52}},"s":{"0":5,"1":5,"2":5,"3":5,"4":5,"5":5,"6":5,"7":5,"8":5,"9":5,"10":5,"11":5,"12":2,"13":2,"14":2,"15":3,"16":3,"17":1,"18":1,"19":4,"20":5,"21":3,"22":3,"23":3,"24":2,"25":5,"26":2,"27":1,"28":1,"29":1,"30":2,"31":5},"f":{"0":5,"1":2,"2":3,"3":5},"b":{"0":[2,3],"1":[2,1]},"_coverageSchema":"1a1c01bbd47fc00a2c39e90264f33305004495a9","hash":"477886eb62d579c2b9f06ad6315f7854fdd6f730"}
,"/home/michael/projects/jobly/express-jobly/routes/companies.js": {"path":"/home/michael/projects/jobly/express-jobly/routes/companies.js","statementMap":{"0":{"start":{"line":5,"column":19},"end":{"line":5,"column":40}},"1":{"start":{"line":6,"column":16},"end":{"line":6,"column":34}},"2":{"start":{"line":8,"column":28},"end":{"line":8,"column":54}},"3":{"start":{"line":9,"column":42},"end":{"line":9,"column":71}},"4":{"start":{"line":10,"column":16},"end":{"line":10,"column":44}},"5":{"start":{"line":12,"column":25},"end":{"line":12,"column":62}},"6":{"start":{"line":13,"column":28},"end":{"line":13,"column":68}},"7":{"start":{"line":14,"column":28},"end":{"line":14,"column":68}},"8":{"start":{"line":16,"column":15},"end":{"line":16,"column":35}},"9":{"start":{"line":28,"column":0},"end":{"line":41,"column":3}},"10":{"start":{"line":29,"column":2},"end":{"line":40,"column":3}},"11":{"start":{"line":30,"column":22},"end":{"line":30,"column":69}},"12":{"start":{"line":31,"column":4},"end":{"line":34,"column":5}},"13":{"start":{"line":32,"column":19},"end":{"line":32,"column":53}},"14":{"start":{"line":32,"column":45},"end":{"line":32,"column":52}},"15":{"start":{"line":33,"column":6},"end":{"line":33,"column":38}},"16":{"start":{"line":36,"column":20},"end":{"line":36,"column":50}},"17":{"start":{"line":37,"column":4},"end":{"line":37,"column":45}},"18":{"start":{"line":39,"column":4},"end":{"line":39,"column":21}},"19":{"start":{"line":54,"column":0},"end":{"line":74,"column":3}},"20":{"start":{"line":55,"column":12},"end":{"line":55,"column":21}},"21":{"start":{"line":58,"column":2},"end":{"line":58,"column":54}},"22":{"start":{"line":58,"column":22},"end":{"line":58,"column":54}},"23":{"start":{"line":59,"column":2},"end":{"line":59,"column":54}},"24":{"start":{"line":59,"column":22},"end":{"line":59,"column":54}},"25":{"start":{"line":61,"column":2},"end":{"line":73,"column":3}},"26":{"start":{"line":63,"column":22},"end":{"line":63,"column":73}},"27":{"start":{"line":64,"column":4},"end":{"line":67,"column":5}},"28":{"start":{"line":65,"column":19},"end":{"line":65,"column":53}},"29":{"start":{"line":65,"column":45},"end":{"line":65,"column":52}},"30":{"start":{"line":66,"column":6},"end":{"line":66,"column":38}},"31":{"start":{"line":69,"column":22},"end":{"line":69,"column":43}},"32":{"start":{"line":70,"column":4},"end":{"line":70,"column":35}},"33":{"start":{"line":72,"column":4},"end":{"line":72,"column":21}},"34":{"start":{"line":84,"column":0},"end":{"line":91,"column":3}},"35":{"start":{"line":85,"column":2},"end":{"line":90,"column":3}},"36":{"start":{"line":86,"column":20},"end":{"line":86,"column":56}},"37":{"start":{"line":87,"column":4},"end":{"line":87,"column":33}},"38":{"start":{"line":89,"column":4},"end":{"line":89,"column":21}},"39":{"start":{"line":104,"column":0},"end":{"line":117,"column":3}},"40":{"start":{"line":105,"column":2},"end":{"line":116,"column":3}},"41":{"start":{"line":106,"column":22},"end":{"line":106,"column":72}},"42":{"start":{"line":107,"column":4},"end":{"line":110,"column":5}},"43":{"start":{"line":108,"column":19},"end":{"line":108,"column":53}},"44":{"start":{"line":108,"column":45},"end":{"line":108,"column":52}},"45":{"start":{"line":109,"column":6},"end":{"line":109,"column":38}},"46":{"start":{"line":112,"column":20},"end":{"line":112,"column":69}},"47":{"start":{"line":113,"column":4},"end":{"line":113,"column":33}},"48":{"start":{"line":115,"column":4},"end":{"line":115,"column":21}},"49":{"start":{"line":124,"column":0},"end":{"line":131,"column":3}},"50":{"start":{"line":125,"column":2},"end":{"line":130,"column":3}},"51":{"start":{"line":126,"column":4},"end":{"line":126,"column":44}},"52":{"start":{"line":127,"column":4},"end":{"line":127,"column":52}},"53":{"start":{"line":129,"column":4},"end":{"line":129,"column":21}},"54":{"start":{"line":134,"column":0},"end":{"line":134,"column":24}}},"fnMap":{"0":{"name":"(anonymous_0)","decl":{"start":{"line":28,"column":32},"end":{"line":28,"column":33}},"loc":{"start":{"line":28,"column":64},"end":{"line":41,"column":1}},"line":28},"1":{"name":"(anonymous_1)","decl":{"start":{"line":32,"column":40},"end":{"line":32,"column":41}},"loc":{"start":{"line":32,"column":45},"end":{"line":32,"column":52}},"line":32},"2":{"name":"(anonymous_2)","decl":{"start":{"line":54,"column":16},"end":{"line":54,"column":17}},"loc":{"start":{"line":54,"column":48},"end":{"line":74,"column":1}},"line":54},"3":{"name":"(anonymous_3)","decl":{"start":{"line":65,"column":40},"end":{"line":65,"column":41}},"loc":{"start":{"line":65,"column":45},"end":{"line":65,"column":52}},"line":65},"4":{"name":"(anonymous_4)","decl":{"start":{"line":84,"column":23},"end":{"line":84,"column":24}},"loc":{"start":{"line":84,"column":55},"end":{"line":91,"column":1}},"line":84},"5":{"name":"(anonymous_5)","decl":{"start":{"line":104,"column":40},"end":{"line":104,"column":41}},"loc":{"start":{"line":104,"column":72},"end":{"line":117,"column":1}},"line":104},"6":{"name":"(anonymous_6)","decl":{"start":{"line":108,"column":40},"end":{"line":108,"column":41}},"loc":{"start":{"line":108,"column":45},"end":{"line":108,"column":52}},"line":108},"7":{"name":"(anonymous_7)","decl":{"start":{"line":124,"column":41},"end":{"line":124,"column":42}},"loc":{"start":{"line":124,"column":73},"end":{"line":131,"column":1}},"line":124}},"branchMap":{"0":{"loc":{"start":{"line":31,"column":4},"end":{"line":34,"column":5}},"type":"if","locations":[{"start":{"line":31,"column":4},"end":{"line":34,"column":5}},{"start":{},"end":{}}],"line":31},"1":{"loc":{"start":{"line":58,"column":2},"end":{"line":58,"column":54}},"type":"if","locations":[{"start":{"line":58,"column":2},"end":{"line":58,"column":54}},{"start":{},"end":{}}],"line":58},"2":{"loc":{"start":{"line":59,"column":2},"end":{"line":59,"column":54}},"type":"if","locations":[{"start":{"line":59,"column":2},"end":{"line":59,"column":54}},{"start":{},"end":{}}],"line":59},"3":{"loc":{"start":{"line":64,"column":4},"end":{"line":67,"column":5}},"type":"if","locations":[{"start":{"line":64,"column":4},"end":{"line":67,"column":5}},{"start":{},"end":{}}],"line":64},"4":{"loc":{"start":{"line":107,"column":4},"end":{"line":110,"column":5}},"type":"if","locations":[{"start":{"line":107,"column":4},"end":{"line":110,"column":5}},{"start":{},"end":{}}],"line":107}},"s":{"0":5,"1":5,"2":5,"3":5,"4":5,"5":5,"6":5,"7":5,"8":5,"9":5,"10":3,"11":3,"12":3,"13":2,"14":3,"15":2,"16":1,"17":1,"18":2,"19":5,"20":4,"21":4,"22":1,"23":4,"24":1,"25":4,"26":4,"27":4,"28":1,"29":1,"30":1,"31":3,"32":2,"33":2,"34":5,"35":3,"36":3,"37":2,"38":1,"39":5,"40":4,"41":4,"42":4,"43":2,"44":2,"45":2,"46":2,"47":1,"48":3,"49":5,"50":2,"51":2,"52":1,"53":1,"54":5},"f":{"0":3,"1":3,"2":4,"3":1,"4":3,"5":4,"6":2,"7":2},"b":{"0":[2,1],"1":[1,3],"2":[1,3],"3":[1,3],"4":[2,2]},"_coverageSchema":"1a1c01bbd47fc00a2c39e90264f33305004495a9","hash":"5c44aaac92f5a08603fa32dcc333d850acb81c4c"}
,"/home/michael/projects/jobly/express-jobly/routes/jobs.js": {"path":"/home/michael/projects/jobly/express-jobly/routes/jobs.js","statementMap":{"0":{"start":{"line":5,"column":19},"end":{"line":5,"column":40}},"1":{"start":{"line":6,"column":16},"end":{"line":6,"column":34}},"2":{"start":{"line":8,"column":28},"end":{"line":8,"column":54}},"3":{"start":{"line":9,"column":26},"end":{"line":9,"column":55}},"4":{"start":{"line":10,"column":12},"end":{"line":10,"column":36}},"5":{"start":{"line":12,"column":21},"end":{"line":12,"column":54}},"6":{"start":{"line":13,"column":24},"end":{"line":13,"column":60}},"7":{"start":{"line":14,"column":24},"end":{"line":14,"column":60}},"8":{"start":{"line":16,"column":15},"end":{"line":16,"column":35}},"9":{"start":{"line":28,"column":0},"end":{"line":41,"column":3}},"10":{"start":{"line":29,"column":2},"end":{"line":40,"column":3}},"11":{"start":{"line":30,"column":22},"end":{"line":30,"column":65}},"12":{"start":{"line":31,"column":4},"end":{"line":34,"column":5}},"13":{"start":{"line":32,"column":19},"end":{"line":32,"column":53}},"14":{"start":{"line":32,"column":45},"end":{"line":32,"column":52}},"15":{"start":{"line":33,"column":6},"end":{"line":33,"column":38}},"16":{"start":{"line":36,"column":16},"end":{"line":36,"column":42}},"17":{"start":{"line":37,"column":4},"end":{"line":37,"column":41}},"18":{"start":{"line":39,"column":4},"end":{"line":39,"column":21}},"19":{"start":{"line":54,"column":0},"end":{"line":75,"column":3}},"20":{"start":{"line":55,"column":12},"end":{"line":55,"column":21}},"21":{"start":{"line":58,"column":2},"end":{"line":58,"column":45}},"22":{"start":{"line":58,"column":19},"end":{"line":58,"column":45}},"23":{"start":{"line":60,"column":2},"end":{"line":60,"column":84}},"24":{"start":{"line":60,"column":19},"end":{"line":60,"column":84}},"25":{"start":{"line":62,"column":2},"end":{"line":74,"column":3}},"26":{"start":{"line":64,"column":22},"end":{"line":64,"column":69}},"27":{"start":{"line":65,"column":4},"end":{"line":68,"column":5}},"28":{"start":{"line":66,"column":19},"end":{"line":66,"column":53}},"29":{"start":{"line":66,"column":45},"end":{"line":66,"column":52}},"30":{"start":{"line":67,"column":6},"end":{"line":67,"column":38}},"31":{"start":{"line":70,"column":17},"end":{"line":70,"column":34}},"32":{"start":{"line":71,"column":4},"end":{"line":71,"column":30}},"33":{"start":{"line":73,"column":4},"end":{"line":73,"column":21}},"34":{"start":{"line":85,"column":0},"end":{"line":92,"column":3}},"35":{"start":{"line":86,"column":2},"end":{"line":91,"column":3}},"36":{"start":{"line":87,"column":16},"end":{"line":87,"column":47}},"37":{"start":{"line":88,"column":4},"end":{"line":88,"column":29}},"38":{"start":{"line":90,"column":4},"end":{"line":90,"column":21}},"39":{"start":{"line":105,"column":0},"end":{"line":118,"column":3}},"40":{"start":{"line":106,"column":2},"end":{"line":117,"column":3}},"41":{"start":{"line":107,"column":22},"end":{"line":107,"column":68}},"42":{"start":{"line":108,"column":4},"end":{"line":111,"column":5}},"43":{"start":{"line":109,"column":19},"end":{"line":109,"column":53}},"44":{"start":{"line":109,"column":45},"end":{"line":109,"column":52}},"45":{"start":{"line":110,"column":6},"end":{"line":110,"column":38}},"46":{"start":{"line":113,"column":16},"end":{"line":113,"column":60}},"47":{"start":{"line":114,"column":4},"end":{"line":114,"column":29}},"48":{"start":{"line":116,"column":4},"end":{"line":116,"column":21}},"49":{"start":{"line":125,"column":0},"end":{"line":132,"column":3}},"50":{"start":{"line":126,"column":2},"end":{"line":131,"column":3}},"51":{"start":{"line":127,"column":4},"end":{"line":127,"column":39}},"52":{"start":{"line":128,"column":4},"end":{"line":128,"column":51}},"53":{"start":{"line":130,"column":4},"end":{"line":130,"column":21}},"54":{"start":{"line":135,"column":0},"end":{"line":135,"column":24}}},"fnMap":{"0":{"name":"(anonymous_0)","decl":{"start":{"line":28,"column":32},"end":{"line":28,"column":33}},"loc":{"start":{"line":28,"column":64},"end":{"line":41,"column":1}},"line":28},"1":{"name":"(anonymous_1)","decl":{"start":{"line":32,"column":40},"end":{"line":32,"column":41}},"loc":{"start":{"line":32,"column":45},"end":{"line":32,"column":52}},"line":32},"2":{"name":"(anonymous_2)","decl":{"start":{"line":54,"column":16},"end":{"line":54,"column":17}},"loc":{"start":{"line":54,"column":48},"end":{"line":75,"column":1}},"line":54},"3":{"name":"(anonymous_3)","decl":{"start":{"line":66,"column":40},"end":{"line":66,"column":41}},"loc":{"start":{"line":66,"column":45},"end":{"line":66,"column":52}},"line":66},"4":{"name":"(anonymous_4)","decl":{"start":{"line":85,"column":22},"end":{"line":85,"column":23}},"loc":{"start":{"line":85,"column":54},"end":{"line":92,"column":1}},"line":85},"5":{"name":"(anonymous_5)","decl":{"start":{"line":105,"column":39},"end":{"line":105,"column":40}},"loc":{"start":{"line":105,"column":71},"end":{"line":118,"column":1}},"line":105},"6":{"name":"(anonymous_6)","decl":{"start":{"line":109,"column":40},"end":{"line":109,"column":41}},"loc":{"start":{"line":109,"column":45},"end":{"line":109,"column":52}},"line":109},"7":{"name":"(anonymous_7)","decl":{"start":{"line":125,"column":40},"end":{"line":125,"column":41}},"loc":{"start":{"line":125,"column":72},"end":{"line":132,"column":1}},"line":125}},"branchMap":{"0":{"loc":{"start":{"line":31,"column":4},"end":{"line":34,"column":5}},"type":"if","locations":[{"start":{"line":31,"column":4},"end":{"line":34,"column":5}},{"start":{},"end":{}}],"line":31},"1":{"loc":{"start":{"line":58,"column":2},"end":{"line":58,"column":45}},"type":"if","locations":[{"start":{"line":58,"column":2},"end":{"line":58,"column":45}},{"start":{},"end":{}}],"line":58},"2":{"loc":{"start":{"line":60,"column":2},"end":{"line":60,"column":84}},"type":"if","locations":[{"start":{"line":60,"column":2},"end":{"line":60,"column":84}},{"start":{},"end":{}}],"line":60},"3":{"loc":{"start":{"line":60,"column":19},"end":{"line":60,"column":84}},"type":"cond-expr","locations":[{"start":{"line":60,"column":44},"end":{"line":60,"column":62}},{"start":{"line":60,"column":65},"end":{"line":60,"column":84}}],"line":60},"4":{"loc":{"start":{"line":65,"column":4},"end":{"line":68,"column":5}},"type":"if","locations":[{"start":{"line":65,"column":4},"end":{"line":68,"column":5}},{"start":{},"end":{}}],"line":65},"5":{"loc":{"start":{"line":108,"column":4},"end":{"line":111,"column":5}},"type":"if","locations":[{"start":{"line":108,"column":4},"end":{"line":111,"column":5}},{"start":{},"end":{}}],"line":108}},"s":{"0":5,"1":5,"2":5,"3":5,"4":5,"5":5,"6":5,"7":5,"8":5,"9":5,"10":3,"11":3,"12":3,"13":2,"14":3,"15":2,"16":1,"17":1,"18":2,"19":5,"20":4,"21":4,"22":1,"23":4,"24":1,"25":4,"26":4,"27":4,"28":1,"29":1,"30":1,"31":3,"32":2,"33":2,"34":5,"35":2,"36":2,"37":1,"38":1,"39":5,"40":4,"41":4,"42":4,"43":2,"44":2,"45":2,"46":2,"47":1,"48":3,"49":5,"50":2,"51":2,"52":1,"53":1,"54":5},"f":{"0":3,"1":3,"2":4,"3":1,"4":2,"5":4,"6":2,"7":2},"b":{"0":[2,1],"1":[1,3],"2":[1,3],"3":[1,0],"4":[1,3],"5":[2,2]},"_coverageSchema":"1a1c01bbd47fc00a2c39e90264f33305004495a9","hash":"425346cb423be66fd59de9ef06a623c79d3eda9d"}
,"/home/michael/projects/jobly/express-jobly/routes/users.js": {"path":"/home/michael/projects/jobly/express-jobly/routes/users.js","statementMap":{"0":{"start":{"line":5,"column":19},"end":{"line":5,"column":40}},"1":{"start":{"line":7,"column":16},"end":{"line":7,"column":34}},"2":{"start":{"line":8,"column":68},"end":{"line":8,"column":97}},"3":{"start":{"line":9,"column":28},"end":{"line":9,"column":54}},"4":{"start":{"line":10,"column":13},"end":{"line":10,"column":38}},"5":{"start":{"line":11,"column":24},"end":{"line":11,"column":52}},"6":{"start":{"line":12,"column":22},"end":{"line":12,"column":56}},"7":{"start":{"line":13,"column":25},"end":{"line":13,"column":62}},"8":{"start":{"line":15,"column":15},"end":{"line":15,"column":31}},"9":{"start":{"line":30,"column":0},"end":{"line":44,"column":3}},"10":{"start":{"line":31,"column":2},"end":{"line":43,"column":3}},"11":{"start":{"line":32,"column":22},"end":{"line":32,"column":66}},"12":{"start":{"line":33,"column":4},"end":{"line":36,"column":5}},"13":{"start":{"line":34,"column":19},"end":{"line":34,"column":53}},"14":{"start":{"line":34,"column":45},"end":{"line":34,"column":52}},"15":{"start":{"line":35,"column":6},"end":{"line":35,"column":38}},"16":{"start":{"line":38,"column":17},"end":{"line":38,"column":46}},"17":{"start":{"line":39,"column":18},"end":{"line":39,"column":35}},"18":{"start":{"line":40,"column":4},"end":{"line":40,"column":49}},"19":{"start":{"line":42,"column":4},"end":{"line":42,"column":21}},"20":{"start":{"line":54,"column":0},"end":{"line":61,"column":3}},"21":{"start":{"line":55,"column":2},"end":{"line":60,"column":3}},"22":{"start":{"line":56,"column":18},"end":{"line":56,"column":38}},"23":{"start":{"line":57,"column":4},"end":{"line":57,"column":31}},"24":{"start":{"line":59,"column":4},"end":{"line":59,"column":21}},"25":{"start":{"line":71,"column":0},"end":{"line":78,"column":3}},"26":{"start":{"line":72,"column":2},"end":{"line":77,"column":3}},"27":{"start":{"line":73,"column":17},"end":{"line":73,"column":52}},"28":{"start":{"line":74,"column":4},"end":{"line":74,"column":30}},"29":{"start":{"line":76,"column":4},"end":{"line":76,"column":21}},"30":{"start":{"line":91,"column":0},"end":{"line":104,"column":3}},"31":{"start":{"line":92,"column":2},"end":{"line":103,"column":3}},"32":{"start":{"line":93,"column":22},"end":{"line":93,"column":69}},"33":{"start":{"line":94,"column":4},"end":{"line":97,"column":5}},"34":{"start":{"line":95,"column":19},"end":{"line":95,"column":53}},"35":{"start":{"line":95,"column":45},"end":{"line":95,"column":52}},"36":{"start":{"line":96,"column":6},"end":{"line":96,"column":38}},"37":{"start":{"line":99,"column":17},"end":{"line":99,"column":65}},"38":{"start":{"line":100,"column":4},"end":{"line":100,"column":30}},"39":{"start":{"line":102,"column":4},"end":{"line":102,"column":21}},"40":{"start":{"line":112,"column":0},"end":{"line":119,"column":3}},"41":{"start":{"line":113,"column":2},"end":{"line":118,"column":3}},"42":{"start":{"line":114,"column":4},"end":{"line":114,"column":43}},"43":{"start":{"line":115,"column":4},"end":{"line":115,"column":54}},"44":{"start":{"line":117,"column":4},"end":{"line":117,"column":21}},"45":{"start":{"line":122,"column":0},"end":{"line":122,"column":24}}},"fnMap":{"0":{"name":"(anonymous_0)","decl":{"start":{"line":30,"column":32},"end":{"line":30,"column":33}},"loc":{"start":{"line":30,"column":64},"end":{"line":44,"column":1}},"line":30},"1":{"name":"(anonymous_1)","decl":{"start":{"line":34,"column":40},"end":{"line":34,"column":41}},"loc":{"start":{"line":34,"column":45},"end":{"line":34,"column":52}},"line":34},"2":{"name":"(anonymous_2)","decl":{"start":{"line":54,"column":31},"end":{"line":54,"column":32}},"loc":{"start":{"line":54,"column":63},"end":{"line":61,"column":1}},"line":54},"3":{"name":"(anonymous_3)","decl":{"start":{"line":71,"column":51},"end":{"line":71,"column":52}},"loc":{"start":{"line":71,"column":83},"end":{"line":78,"column":1}},"line":71},"4":{"name":"(anonymous_4)","decl":{"start":{"line":91,"column":53},"end":{"line":91,"column":54}},"loc":{"start":{"line":91,"column":85},"end":{"line":104,"column":1}},"line":91},"5":{"name":"(anonymous_5)","decl":{"start":{"line":95,"column":40},"end":{"line":95,"column":41}},"loc":{"start":{"line":95,"column":45},"end":{"line":95,"column":52}},"line":95},"6":{"name":"(anonymous_6)","decl":{"start":{"line":112,"column":54},"end":{"line":112,"column":55}},"loc":{"start":{"line":112,"column":86},"end":{"line":119,"column":1}},"line":112}},"branchMap":{"0":{"loc":{"start":{"line":33,"column":4},"end":{"line":36,"column":5}},"type":"if","locations":[{"start":{"line":33,"column":4},"end":{"line":36,"column":5}},{"start":{},"end":{}}],"line":33},"1":{"loc":{"start":{"line":94,"column":4},"end":{"line":97,"column":5}},"type":"if","locations":[{"start":{"line":94,"column":4},"end":{"line":97,"column":5}},{"start":{},"end":{}}],"line":94}},"s":{"0":5,"1":5,"2":5,"3":5,"4":5,"5":5,"6":5,"7":5,"8":5,"9":5,"10":4,"11":4,"12":4,"13":2,"14":5,"15":2,"16":2,"17":2,"18":2,"19":2,"20":5,"21":2,"22":2,"23":1,"24":1,"25":5,"26":3,"27":3,"28":2,"29":1,"30":5,"31":5,"32":5,"33":5,"34":1,"35":1,"36":1,"37":4,"38":3,"39":2,"40":5,"41":3,"42":3,"43":2,"44":1,"45":5},"f":{"0":4,"1":5,"2":2,"3":3,"4":5,"5":1,"6":3},"b":{"0":[2,2],"1":[1,4]},"_coverageSchema":"1a1c01bbd47fc00a2c39e90264f33305004495a9","hash":"2481994868c53e44c889d4c8da0152f2cacc5c14"}
}
