TN:
SF:app.js
FN:32,(anonymous_0)
FN:37,(anonymous_1)
FNF:2
FNH:2
FNDA:2,(anonymous_0)
FNDA:53,(anonymous_1)
DA:5,5
DA:6,5
DA:8,5
DA:10,5
DA:11,5
DA:12,5
DA:13,5
DA:14,5
DA:16,5
DA:18,5
DA:20,5
DA:21,5
DA:22,5
DA:23,5
DA:25,5
DA:26,5
DA:27,5
DA:28,5
DA:32,5
DA:33,2
DA:37,5
DA:38,53
DA:39,53
DA:40,53
DA:42,53
DA:47,5
LF:26
LH:26
BRDA:38,0,0,1
BRDA:38,0,1,52
BRDA:39,1,0,53
BRDA:39,1,1,3
BRF:4
BRH:4
end_of_record
TN:
SF:config.js
FN:16,getDatabaseUri
FNF:1
FNH:1
FNDA:22,getDatabaseUri
DA:5,11
DA:6,11
DA:8,11
DA:9,11
DA:11,11
DA:13,11
DA:17,22
DA:25,11
DA:27,11
DA:28,11
DA:29,11
DA:30,11
DA:31,11
DA:32,11
DA:34,11
LF:15
LH:15
BRDA:11,0,0,11
BRDA:11,0,1,10
BRDA:13,1,0,11
BRDA:13,1,1,10
BRDA:17,2,0,19
BRDA:17,2,1,3
BRDA:19,3,0,3
BRDA:19,3,1,1
BRDA:25,4,0,10
BRDA:25,4,1,1
BRF:10
BRH:10
end_of_record
TN:
SF:db.js
FNF:0
FNH:0
DA:3,8
DA:4,8
DA:8,8
DA:9,0
DA:16,8
DA:21,8
DA:23,8
LF:7
LH:6
BRDA:8,0,0,0
BRDA:8,0,1,8
BRF:2
BRH:1
end_of_record
TN:
SF:expressError.js
FN:8,(anonymous_0)
FN:18,(anonymous_1)
FN:26,(anonymous_2)
FN:34,(anonymous_3)
FN:42,(anonymous_4)
FNF:5
FNH:4
FNDA:69,(anonymous_0)
FNDA:20,(anonymous_1)
FNDA:26,(anonymous_2)
FNDA:23,(anonymous_3)
FNDA:0,(anonymous_4)
DA:9,69
DA:10,69
DA:11,69
DA:19,20
DA:27,26
DA:35,23
DA:43,0
DA:47,10
LF:8
LH:7
BRDA:18,0,0,2
BRDA:26,1,0,22
BRDA:34,2,0,0
BRDA:42,3,0,0
BRF:4
BRH:2
end_of_record
TN:
SF:helpers/sql.js
FN:13,sqlForPartialUpdate
FN:18,(anonymous_1)
FNF:2
FNH:2
FNDA:22,sqlForPartialUpdate
FNDA:35,(anonymous_1)
DA:1,9
DA:14,22
DA:15,22
DA:18,19
DA:19,35
DA:23,19
DA:29,9
LF:7
LH:7
BRDA:15,0,0,3
BRDA:15,0,1,19
BRDA:19,1,0,35
BRDA:19,1,1,20
BRF:4
BRH:4
end_of_record
TN:
SF:helpers/tokens.js
FN:6,createToken
FNF:1
FNH:1
FNDA:15,createToken
DA:1,6
DA:2,6
DA:7,15
DA:10,15
DA:15,15
DA:18,6
LF:6
LH:6
BRDA:12,0,0,15
BRDA:12,0,1,8
BRF:2
BRH:2
end_of_record
TN:
SF:middleware/auth.js
FN:18,authenticateJWT
FN:36,ensureLoggedIn
FN:45,ensureIsAdmin
FN:54,ensureAdminOrCorrectUser
FNF:4
FNH:4
FNDA:81,authenticateJWT
FNDA:2,ensureLoggedIn
FNDA:40,ensureIsAdmin
FNDA:18,ensureAdminOrCorrectUser
DA:5,6
DA:6,6
DA:7,6
DA:19,81
DA:20,81
DA:21,81
DA:22,50
DA:23,50
DA:25,80
DA:27,1
DA:37,2
DA:38,2
DA:39,1
DA:41,1
DA:46,40
DA:47,40
DA:48,25
DA:50,15
DA:55,18
DA:56,18
DA:57,6
DA:59,12
DA:61,6
DA:66,6
LF:24
LH:24
BRDA:20,0,0,81
BRDA:20,0,1,80
BRDA:21,1,0,50
BRDA:21,1,1,31
BRDA:38,2,0,1
BRDA:38,2,1,1
BRDA:47,3,0,15
BRDA:47,3,1,25
BRDA:47,4,0,40
BRDA:47,4,1,34
BRDA:56,5,0,6
BRDA:56,5,1,12
BRDA:56,6,0,18
BRDA:56,6,1,15
BRDA:56,6,2,6
BRF:15
BRH:15
end_of_record
TN:
SF:models/_testCommon.js
FN:6,commonBeforeAll
FN:42,commonBeforeEach
FN:46,commonAfterEach
FN:50,commonAfterAll
FNF:4
FNH:4
FNDA:3,commonBeforeAll
FNDA:40,commonBeforeEach
FNDA:40,commonAfterEach
FNDA:3,commonAfterAll
DA:1,3
DA:3,3
DA:4,3
DA:8,3
DA:10,3
DA:12,3
DA:14,3
DA:20,3
DA:34,3
DA:43,40
DA:47,40
DA:51,3
DA:55,3
LF:13
LH:13
BRF:0
BRH:0
end_of_record
TN:
SF:models/company.js
FN:19,(anonymous_0)
FN:52,(anonymous_1)
FN:102,(anonymous_2)
FN:132,(anonymous_3)
FN:162,(anonymous_4)
FNF:5
FNH:5
FNDA:16,(anonymous_0)
FNDA:6,(anonymous_1)
FNDA:5,(anonymous_2)
FNDA:6,(anonymous_3)
FNDA:4,(anonymous_4)
DA:3,6
DA:4,6
DA:5,6
DA:20,16
DA:26,16
DA:27,1
DA:29,15
DA:42,15
DA:44,15
DA:54,6
DA:55,6
DA:56,0
DA:60,6
DA:61,6
DA:64,6
DA:65,3
DA:66,3
DA:68,6
DA:69,2
DA:70,2
DA:72,6
DA:73,1
DA:74,1
DA:78,6
DA:81,6
DA:82,6
DA:91,5
DA:103,5
DA:113,5
DA:115,5
DA:117,3
DA:133,6
DA:139,5
DA:141,5
DA:149,5
DA:150,5
DA:152,5
DA:154,3
DA:163,4
DA:169,4
DA:171,4
DA:176,6
LF:42
LH:41
BRDA:26,0,0,1
BRDA:26,0,1,15
BRDA:52,1,0,1
BRDA:55,2,0,0
BRDA:55,2,1,6
BRDA:64,3,0,3
BRDA:64,3,1,3
BRDA:68,4,0,2
BRDA:68,4,1,4
BRDA:72,5,0,1
BRDA:72,5,1,5
BRDA:81,6,0,3
BRDA:81,6,1,3
BRDA:115,7,0,2
BRDA:115,7,1,3
BRDA:152,8,0,2
BRDA:152,8,1,3
BRDA:171,9,0,2
BRDA:171,9,1,2
BRF:19
BRH:18
end_of_record
TN:
SF:models/job.js
FN:19,(anonymous_0)
FN:51,(anonymous_1)
FN:95,(anonymous_2)
FN:124,(anonymous_3)
FN:150,(anonymous_4)
FNF:5
FNH:5
FNDA:16,(anonymous_0)
FNDA:5,(anonymous_1)
FNDA:4,(anonymous_2)
FNDA:6,(anonymous_3)
FNDA:4,(anonymous_4)
DA:3,6
DA:4,6
DA:5,6
DA:20,16
DA:26,16
DA:27,1
DA:29,15
DA:41,15
DA:43,15
DA:53,5
DA:56,5
DA:57,5
DA:60,5
DA:61,1
DA:62,1
DA:64,5
DA:65,2
DA:66,2
DA:68,5
DA:69,1
DA:73,5
DA:76,5
DA:77,5
DA:85,4
DA:96,4
DA:105,4
DA:107,4
DA:109,2
DA:125,6
DA:128,5
DA:130,5
DA:137,5
DA:138,5
DA:140,5
DA:142,3
DA:151,4
DA:157,4
DA:159,4
DA:164,6
LF:39
LH:39
BRDA:26,0,0,1
BRDA:26,0,1,15
BRDA:51,1,0,1
BRDA:60,2,0,1
BRDA:60,2,1,4
BRDA:64,3,0,2
BRDA:64,3,1,3
BRDA:68,4,0,1
BRDA:68,4,1,4
BRDA:76,5,0,2
BRDA:76,5,1,3
BRDA:107,6,0,2
BRDA:107,6,1,2
BRDA:140,7,0,2
BRDA:140,7,1,3
BRDA:159,8,0,2
BRDA:159,8,1,2
BRF:17
BRH:17
end_of_record
TN:
SF:models/user.js
FN:24,(anonymous_0)
FN:59,(anonymous_1)
FN:103,(anonymous_2)
FN:125,(anonymous_3)
FN:161,(anonymous_4)
FN:194,(anonymous_5)
FNF:6
FNH:6
FNDA:7,(anonymous_0)
FNDA:19,(anonymous_1)
FNDA:3,(anonymous_2)
FNDA:5,(anonymous_3)
FNDA:8,(anonymous_4)
FNDA:5,(anonymous_5)
DA:3,6
DA:4,6
DA:5,6
DA:10,6
DA:12,6
DA:26,7
DA:38,7
DA:40,7
DA:42,4
DA:43,4
DA:44,3
DA:45,3
DA:49,4
DA:60,19
DA:67,19
DA:68,1
DA:71,18
DA:73,18
DA:93,18
DA:95,18
DA:104,3
DA:114,2
DA:126,5
DA:137,5
DA:139,5
DA:141,3
DA:162,8
DA:163,2
DA:166,8
DA:173,7
DA:175,7
DA:183,7
DA:184,7
DA:186,7
DA:188,5
DA:189,5
DA:195,5
DA:202,5
DA:204,5
DA:209,6
LF:40
LH:40
BRDA:40,0,0,4
BRDA:40,0,1,3
BRDA:43,1,0,3
BRDA:43,1,1,1
BRDA:67,2,0,1
BRDA:67,2,1,18
BRDA:139,3,0,2
BRDA:139,3,1,3
BRDA:162,4,0,2
BRDA:162,4,1,6
BRDA:186,5,0,2
BRDA:186,5,1,5
BRDA:204,6,0,2
BRDA:204,6,1,3
BRF:14
BRH:14
end_of_record
TN:
SF:routes/_testCommon.js
FN:9,commonBeforeAll
FN:88,commonBeforeEach
FN:92,commonAfterEach
FN:96,commonAfterAll
FNF:4
FNH:4
FNDA:4,commonBeforeAll
FNDA:76,commonBeforeEach
FNDA:76,commonAfterEach
FNDA:4,commonAfterAll
DA:3,4
DA:4,4
DA:5,4
DA:6,4
DA:7,4
DA:11,4
DA:13,4
DA:15,4
DA:23,4
DA:31,4
DA:40,4
DA:48,4
DA:56,4
DA:65,4
DA:72,4
DA:79,4
DA:89,76
DA:93,76
DA:97,4
DA:101,4
DA:102,4
DA:105,4
LF:22
LH:22
BRF:0
BRH:0
end_of_record
TN:
SF:routes/auth.js
FN:22,(anonymous_0)
FN:26,(anonymous_1)
FN:49,(anonymous_2)
FN:53,(anonymous_3)
FNF:4
FNH:4
FNDA:5,(anonymous_0)
FNDA:2,(anonymous_1)
FNDA:3,(anonymous_2)
FNDA:5,(anonymous_3)
DA:5,5
DA:7,5
DA:8,5
DA:9,5
DA:10,5
DA:11,5
DA:12,5
DA:13,5
DA:22,5
DA:23,5
DA:24,5
DA:25,5
DA:26,2
DA:27,2
DA:30,3
DA:31,3
DA:32,1
DA:33,1
DA:35,4
DA:49,5
DA:50,3
DA:51,3
DA:52,3
DA:53,5
DA:54,2
DA:57,1
DA:58,1
DA:59,1
DA:61,2
DA:66,5
LF:30
LH:30
BRDA:25,0,0,2
BRDA:25,0,1,3
BRDA:52,1,0,2
BRDA:52,1,1,1
BRF:4
BRH:4
end_of_record
TN:
SF:routes/companies.js
FN:28,(anonymous_0)
FN:32,(anonymous_1)
FN:54,(anonymous_2)
FN:65,(anonymous_3)
FN:84,(anonymous_4)
FN:104,(anonymous_5)
FN:108,(anonymous_6)
FN:124,(anonymous_7)
FNF:8
FNH:8
FNDA:3,(anonymous_0)
FNDA:3,(anonymous_1)
FNDA:4,(anonymous_2)
FNDA:1,(anonymous_3)
FNDA:3,(anonymous_4)
FNDA:4,(anonymous_5)
FNDA:2,(anonymous_6)
FNDA:2,(anonymous_7)
DA:5,5
DA:6,5
DA:8,5
DA:9,5
DA:10,5
DA:12,5
DA:13,5
DA:14,5
DA:16,5
DA:28,5
DA:29,3
DA:30,3
DA:31,3
DA:32,3
DA:33,2
DA:36,1
DA:37,1
DA:39,2
DA:54,5
DA:55,4
DA:58,4
DA:59,4
DA:61,4
DA:63,4
DA:64,4
DA:65,1
DA:66,1
DA:69,3
DA:70,2
DA:72,2
DA:84,5
DA:85,3
DA:86,3
DA:87,2
DA:89,1
DA:104,5
DA:105,4
DA:106,4
DA:107,4
DA:108,2
DA:109,2
DA:112,2
DA:113,1
DA:115,3
DA:124,5
DA:125,2
DA:126,2
DA:127,1
DA:129,1
DA:134,5
LF:50
LH:50
BRDA:31,0,0,2
BRDA:31,0,1,1
BRDA:58,1,0,1
BRDA:58,1,1,3
BRDA:59,2,0,1
BRDA:59,2,1,3
BRDA:64,3,0,1
BRDA:64,3,1,3
BRDA:107,4,0,2
BRDA:107,4,1,2
BRF:10
BRH:10
end_of_record
TN:
SF:routes/jobs.js
FN:28,(anonymous_0)
FN:32,(anonymous_1)
FN:54,(anonymous_2)
FN:66,(anonymous_3)
FN:85,(anonymous_4)
FN:105,(anonymous_5)
FN:109,(anonymous_6)
FN:125,(anonymous_7)
FNF:8
FNH:8
FNDA:3,(anonymous_0)
FNDA:3,(anonymous_1)
FNDA:4,(anonymous_2)
FNDA:1,(anonymous_3)
FNDA:2,(anonymous_4)
FNDA:4,(anonymous_5)
FNDA:2,(anonymous_6)
FNDA:2,(anonymous_7)
DA:5,5
DA:6,5
DA:8,5
DA:9,5
DA:10,5
DA:12,5
DA:13,5
DA:14,5
DA:16,5
DA:28,5
DA:29,3
DA:30,3
DA:31,3
DA:32,3
DA:33,2
DA:36,1
DA:37,1
DA:39,2
DA:54,5
DA:55,4
DA:58,4
DA:60,4
DA:62,4
DA:64,4
DA:65,4
DA:66,1
DA:67,1
DA:70,3
DA:71,2
DA:73,2
DA:85,5
DA:86,2
DA:87,2
DA:88,1
DA:90,1
DA:105,5
DA:106,4
DA:107,4
DA:108,4
DA:109,2
DA:110,2
DA:113,2
DA:114,1
DA:116,3
DA:125,5
DA:126,2
DA:127,2
DA:128,1
DA:130,1
DA:135,5
LF:50
LH:50
BRDA:31,0,0,2
BRDA:31,0,1,1
BRDA:58,1,0,1
BRDA:58,1,1,3
BRDA:60,2,0,1
BRDA:60,2,1,3
BRDA:60,3,0,1
BRDA:60,3,1,0
BRDA:65,4,0,1
BRDA:65,4,1,3
BRDA:108,5,0,2
BRDA:108,5,1,2
BRF:12
BRH:11
end_of_record
TN:
SF:routes/users.js
FN:30,(anonymous_0)
FN:34,(anonymous_1)
FN:54,(anonymous_2)
FN:71,(anonymous_3)
FN:91,(anonymous_4)
FN:95,(anonymous_5)
FN:112,(anonymous_6)
FNF:7
FNH:7
FNDA:4,(anonymous_0)
FNDA:5,(anonymous_1)
FNDA:2,(anonymous_2)
FNDA:3,(anonymous_3)
FNDA:5,(anonymous_4)
FNDA:1,(anonymous_5)
FNDA:3,(anonymous_6)
DA:5,5
DA:7,5
DA:8,5
DA:9,5
DA:10,5
DA:11,5
DA:12,5
DA:13,5
DA:15,5
DA:30,5
DA:31,4
DA:32,4
DA:33,4
DA:34,5
DA:35,2
DA:38,2
DA:39,2
DA:40,2
DA:42,2
DA:54,5
DA:55,2
DA:56,2
DA:57,1
DA:59,1
DA:71,5
DA:72,3
DA:73,3
DA:74,2
DA:76,1
DA:91,5
DA:92,5
DA:93,5
DA:94,5
DA:95,1
DA:96,1
DA:99,4
DA:100,3
DA:102,2
DA:112,5
DA:113,3
DA:114,3
DA:115,2
DA:117,1
DA:122,5
LF:44
LH:44
BRDA:33,0,0,2
BRDA:33,0,1,2
BRDA:94,1,0,1
BRDA:94,1,1,4
BRF:4
BRH:4
end_of_record
